<?xml version="1.0" encoding="UTF-8"?>
<testng-results ignored="0" total="2" passed="2" failed="0" skipped="0">
  <reporter-output>
  </reporter-output>
  <suite started-at="2024-12-19T12:44:40 IST" name="Default suite" finished-at="2024-12-19T12:44:50 IST" duration-ms="10705">
    <groups>
    </groups>
    <test started-at="2024-12-19T12:44:40 IST" name="Default test" finished-at="2024-12-19T12:44:50 IST" duration-ms="10705">
      <class name="TestPackage.orangeHRM">
        <test-method is-config="true" signature="initalize()[pri:0, instance:TestPackage.orangeHRM@645aa696]" started-at="2024-12-19T12:44:40 IST" name="initalize" finished-at="2024-12-19T12:44:41 IST" duration-ms="1449" status="PASS">
          <reporter-output>
          </reporter-output>
        </test-method> <!-- initalize -->
        <test-method signature="test(java.lang.String,java.lang.String)[pri:0, instance:TestPackage.orangeHRM@645aa696]" started-at="2024-12-19T12:44:41 IST" name="test" data-provider="id" finished-at="2024-12-19T12:44:42 IST" duration-ms="772" status="PASS">
          <params>
            <param index="0">
              <value>
                <![CDATA[standard_user]]>
              </value>
            </param>
            <param index="1">
              <value>
                <![CDATA[secret_sauce]]>
              </value>
            </param>
          </params>
          <reporter-output>
          </reporter-output>
        </test-method> <!-- test -->
        <test-method is-config="true" signature="initalize()[pri:0, instance:TestPackage.orangeHRM@645aa696]" started-at="2024-12-19T12:44:45 IST" name="initalize" finished-at="2024-12-19T12:44:46 IST" duration-ms="930" status="PASS">
          <reporter-output>
          </reporter-output>
        </test-method> <!-- initalize -->
        <test-method signature="test(java.lang.String,java.lang.String)[pri:0, instance:TestPackage.orangeHRM@645aa696]" started-at="2024-12-19T12:44:46 IST" name="test" data-provider="id" finished-at="2024-12-19T12:44:47 IST" duration-ms="754" status="PASS">
          <params>
            <param index="0">
              <value>
                <![CDATA[locked_out_user]]>
              </value>
            </param>
            <param index="1">
              <value>
                <![CDATA[secret_sauce]]>
              </value>
            </param>
          </params>
          <reporter-output>
          </reporter-output>
        </test-method> <!-- test -->
        <test-method is-config="true" signature="terminate()[pri:0, instance:TestPackage.orangeHRM@645aa696]" started-at="2024-12-19T12:44:50 IST" name="terminate" finished-at="2024-12-19T12:44:50 IST" duration-ms="127" status="PASS">
          <reporter-output>
          </reporter-output>
        </test-method> <!-- terminate -->
      </class> <!-- TestPackage.orangeHRM -->
    </test> <!-- Default test -->
  </suite> <!-- Default suite -->
</testng-results>
