<?xml version="1.0" encoding="UTF-8"?>
<testng-results ignored="0" total="1" passed="1" failed="0" skipped="0">
  <reporter-output>
  </reporter-output>
  <suite started-at="2024-12-19T18:56:07 IST" name="Default suite" finished-at="2024-12-19T18:56:12 IST" duration-ms="4964">
    <groups>
    </groups>
    <test started-at="2024-12-19T18:56:07 IST" name="Default test" finished-at="2024-12-19T18:56:12 IST" duration-ms="4964">
      <class name="TestPackage.Fileupload">
        <test-method is-config="true" signature="initalize()[pri:0, instance:TestPackage.Fileupload@f78a47e]" started-at="2024-12-19T18:56:07 IST" name="initalize" finished-at="2024-12-19T18:56:10 IST" duration-ms="2165" status="PASS">
          <reporter-output>
          </reporter-output>
        </test-method> <!-- initalize -->
        <test-method signature="file()[pri:0, instance:TestPackage.Fileupload@f78a47e]" started-at="2024-12-19T18:56:10 IST" name="file" finished-at="2024-12-19T18:56:12 IST" duration-ms="2760" status="PASS">
          <reporter-output>
          </reporter-output>
        </test-method> <!-- file -->
      </class> <!-- TestPackage.Fileupload -->
    </test> <!-- Default test -->
  </suite> <!-- Default suite -->
</testng-results>
